build/app/intermediates/manifest_merge_blame_file/release/manifest-merger-blame-release-report.txt
1<?xml version="1.0" encoding="utf-8"?>
2<manifest xmlns:android="http://schemas.android.com/apk/res/android"
3    package="com.technosysint.bxmobileapp.test"
4    android:versionCode="1"
5    android:versionName="1.0.1" >
6
7    <uses-sdk
8        android:minSdkVersion="21"
8-->src\main\AndroidManifest.xml
9        android:targetSdkVersion="31" />
9-->src\main\AndroidManifest.xml
10
11    <uses-permission android:name="android.permission.ACCESS_FINE_LOCATION" />
11-->src\main\AndroidManifest.xml:4:5-78
11-->src\main\AndroidManifest.xml:4:22-76
12    <uses-permission android:name="android.permission.ACCESS_COARSE_LOCATION" />
12-->src\main\AndroidManifest.xml:5:5-81
12-->src\main\AndroidManifest.xml:5:22-78
13
14    <queries>
14-->src\main\AndroidManifest.xml:6:5-11:15
15        <intent>
15-->src\main\AndroidManifest.xml:7:9-10:18
16            <action android:name="android.intent.action.DIAL" />
16-->src\main\AndroidManifest.xml:8:13-65
16-->src\main\AndroidManifest.xml:8:21-62
17
18            <data android:scheme="tel" />
18-->src\main\AndroidManifest.xml:9:13-42
18-->src\main\AndroidManifest.xml:9:19-39
19        </intent>
20        <intent>
20-->[:file_picker] AndroidManifest.xml:12:9-16:18
21            <action android:name="android.intent.action.GET_CONTENT" />
21-->[:file_picker] AndroidManifest.xml:13:13-72
21-->[:file_picker] AndroidManifest.xml:13:21-69
22
23            <data android:mimeType="*/*" />
23-->src\main\AndroidManifest.xml:9:13-42
24        </intent> <!-- Needs to be explicitly declared on Android R+ -->
25        <package android:name="com.google.android.apps.maps" />
25-->[com.google.android.gms:play-services-maps:18.0.2] AndroidManifest.xml:33:9-64
25-->[com.google.android.gms:play-services-maps:18.0.2] AndroidManifest.xml:33:18-61
26    </queries>
27
28    <uses-permission android:name="android.permission.FOREGROUND_SERVICE" />
28-->[:geolocator_android] AndroidManifest.xml:9:5-77
28-->[:geolocator_android] AndroidManifest.xml:9:22-74
29    <uses-permission android:name="android.permission.READ_EXTERNAL_STORAGE" />
29-->[:file_picker] AndroidManifest.xml:9:5-80
29-->[:file_picker] AndroidManifest.xml:9:22-77
30    <uses-permission android:name="android.permission.CAMERA" />
30-->[:camera_android] AndroidManifest.xml:9:5-65
30-->[:camera_android] AndroidManifest.xml:9:22-62
31    <uses-permission android:name="android.permission.RECORD_AUDIO" />
31-->[:camera_android] AndroidManifest.xml:10:5-71
31-->[:camera_android] AndroidManifest.xml:10:22-68
32    <uses-permission android:name="android.permission.ACCESS_NETWORK_STATE" />
32-->[:connectivity_plus] AndroidManifest.xml:9:5-79
32-->[:connectivity_plus] AndroidManifest.xml:9:22-76
33    <uses-permission android:name="android.permission.REQUEST_INSTALL_PACKAGES" />
33-->[:open_file] AndroidManifest.xml:10:5-83
33-->[:open_file] AndroidManifest.xml:10:22-80
34    <uses-permission android:name="android.permission.INTERNET" />
34-->[com.google.android.gms:play-services-maps:18.0.2] AndroidManifest.xml:24:5-67
34-->[com.google.android.gms:play-services-maps:18.0.2] AndroidManifest.xml:24:22-64
35
36    <uses-feature
36-->[com.google.android.gms:play-services-maps:18.0.2] AndroidManifest.xml:26:5-28:35
37        android:glEsVersion="0x00020000"
37-->[com.google.android.gms:play-services-maps:18.0.2] AndroidManifest.xml:27:9-41
38        android:required="true" />
38-->[com.google.android.gms:play-services-maps:18.0.2] AndroidManifest.xml:28:9-32
39
40    <application
41        android:name="android.app.Application"
41-->src\main\AndroidManifest.xml:15:9-42
42        android:appComponentFactory="androidx.core.app.CoreComponentFactory"
42-->[androidx.core:core:1.8.0] AndroidManifest.xml:24:18-86
43        android:icon="@mipmap/launcher_icon"
43-->src\main\AndroidManifest.xml:16:9-45
44        android:label="BX Mobile Test" >
44-->src\main\AndroidManifest.xml:14:9-39
45        <meta-data
45-->src\main\AndroidManifest.xml:18:8-19:69
46            android:name="com.google.android.geo.API_KEY"
46-->src\main\AndroidManifest.xml:18:19-64
47            android:value="AIzaSyDKYAOIjtFlJhUkdTLyt7PJORHy6iRD-Ck" />
47-->src\main\AndroidManifest.xml:19:12-67
48
49        <activity
49-->src\main\AndroidManifest.xml:21:9-41:20
50            android:name="com.technosysint.bxmobileapp.MainActivity"
50-->src\main\AndroidManifest.xml:22:13-41
51            android:configChanges="orientation|keyboardHidden|keyboard|screenSize|smallestScreenSize|locale|layoutDirection|fontScale|screenLayout|density|uiMode"
51-->src\main\AndroidManifest.xml:26:13-163
52            android:exported="true"
52-->src\main\AndroidManifest.xml:23:13-36
53            android:hardwareAccelerated="true"
53-->src\main\AndroidManifest.xml:27:13-47
54            android:launchMode="singleTop"
54-->src\main\AndroidManifest.xml:24:13-43
55            android:theme="@style/LaunchTheme"
55-->src\main\AndroidManifest.xml:25:13-47
56            android:windowSoftInputMode="adjustResize" >
56-->src\main\AndroidManifest.xml:28:13-55
57
58            <!--
59                 Specifies an Android theme to apply to this Activity as soon as
60                 the Android process has started. This theme is visible to the user
61                 while the Flutter UI initializes. After that, this theme continues
62                 to determine the Window background behind the Flutter UI.
63            -->
64            <meta-data
64-->src\main\AndroidManifest.xml:33:13-36:17
65                android:name="io.flutter.embedding.android.NormalTheme"
65-->src\main\AndroidManifest.xml:34:15-70
66                android:resource="@style/NormalTheme" />
66-->src\main\AndroidManifest.xml:35:15-52
67
68            <intent-filter>
68-->src\main\AndroidManifest.xml:37:13-40:29
69                <action android:name="android.intent.action.MAIN" />
69-->src\main\AndroidManifest.xml:38:17-68
69-->src\main\AndroidManifest.xml:38:25-66
70
71                <category android:name="android.intent.category.LAUNCHER" />
71-->src\main\AndroidManifest.xml:39:17-76
71-->src\main\AndroidManifest.xml:39:27-74
72            </intent-filter>
73        </activity>
74        <!--
75             Don't delete the meta-data below.
76             This is used by the Flutter tool to generate GeneratedPluginRegistrant.java
77        -->
78        <meta-data
78-->src\main\AndroidManifest.xml:44:9-46:33
79            android:name="flutterEmbedding"
79-->src\main\AndroidManifest.xml:45:13-44
80            android:value="2" />
80-->src\main\AndroidManifest.xml:46:13-30
81
82        <service
82-->[:geolocator_android] AndroidManifest.xml:12:9-16:56
83            android:name="com.baseflow.geolocator.GeolocatorLocationService"
83-->[:geolocator_android] AndroidManifest.xml:13:13-77
84            android:enabled="true"
84-->[:geolocator_android] AndroidManifest.xml:14:13-35
85            android:exported="false"
85-->[:geolocator_android] AndroidManifest.xml:15:13-37
86            android:foregroundServiceType="location" />
86-->[:geolocator_android] AndroidManifest.xml:16:13-53
87
88        <activity
88-->[:url_launcher_android] AndroidManifest.xml:10:9-13:74
89            android:name="io.flutter.plugins.urllauncher.WebViewActivity"
89-->[:url_launcher_android] AndroidManifest.xml:11:13-74
90            android:exported="false"
90-->[:url_launcher_android] AndroidManifest.xml:12:13-37
91            android:theme="@android:style/Theme.NoTitleBar.Fullscreen" />
91-->[:url_launcher_android] AndroidManifest.xml:13:13-71
92
93        <provider
93-->[:open_file] AndroidManifest.xml:14:9-23:20
94            android:name="com.crazecoder.openfile.FileProvider"
94-->[:open_file] AndroidManifest.xml:15:13-64
95            android:authorities="com.technosysint.bxmobileapp.test.fileProvider.com.crazecoder.openfile"
95-->[:open_file] AndroidManifest.xml:16:13-88
96            android:exported="false"
96-->[:open_file] AndroidManifest.xml:17:13-37
97            android:grantUriPermissions="true" >
97-->[:open_file] AndroidManifest.xml:18:13-47
98            <meta-data
98-->[:open_file] AndroidManifest.xml:20:13-22:53
99                android:name="android.support.FILE_PROVIDER_PATHS"
99-->[:open_file] AndroidManifest.xml:21:17-67
100                android:resource="@xml/filepaths" />
100-->[:open_file] AndroidManifest.xml:22:17-50
101        </provider>
102
103        <service
103-->[:location] AndroidManifest.xml:13:9-17:56
104            android:name="com.lyokone.location.FlutterLocationService"
104-->[:location] AndroidManifest.xml:14:13-71
105            android:enabled="true"
105-->[:location] AndroidManifest.xml:15:13-35
106            android:exported="false"
106-->[:location] AndroidManifest.xml:16:13-37
107            android:foregroundServiceType="location" />
107-->[:location] AndroidManifest.xml:17:13-53
108
109        <activity
109-->[:trust_location] AndroidManifest.xml:13:9-20:20
110            android:name="com.wongpiwat.trust_location.TrustLocationPlugin"
110-->[:trust_location] AndroidManifest.xml:14:13-76
111            android:configChanges="orientation|keyboardHidden|keyboard|screenSize|locale|layoutDirection|fontScale|screenLayout|density|uiMode"
111-->[:trust_location] AndroidManifest.xml:15:13-144
112            android:hardwareAccelerated="true"
112-->[:trust_location] AndroidManifest.xml:16:13-47
113            android:launchMode="singleTop"
113-->[:trust_location] AndroidManifest.xml:17:13-43
114            android:theme="@android:style/Theme.Black.NoTitleBar"
114-->[:trust_location] AndroidManifest.xml:18:13-66
115            android:windowSoftInputMode="adjustResize" >
115-->[:trust_location] AndroidManifest.xml:19:13-55
116        </activity>
117
118        <uses-library
118-->[androidx.window:window:1.0.0-beta04] AndroidManifest.xml:25:9-27:40
119            android:name="androidx.window.extensions"
119-->[androidx.window:window:1.0.0-beta04] AndroidManifest.xml:26:13-54
120            android:required="false" />
120-->[androidx.window:window:1.0.0-beta04] AndroidManifest.xml:27:13-37
121        <uses-library
121-->[androidx.window:window:1.0.0-beta04] AndroidManifest.xml:28:9-30:40
122            android:name="androidx.window.sidecar"
122-->[androidx.window:window:1.0.0-beta04] AndroidManifest.xml:29:13-51
123            android:required="false" /> <!-- Needs to be explicitly declared on P+ -->
123-->[androidx.window:window:1.0.0-beta04] AndroidManifest.xml:30:13-37
124        <uses-library
124-->[com.google.android.gms:play-services-maps:18.0.2] AndroidManifest.xml:39:9-41:40
125            android:name="org.apache.http.legacy"
125-->[com.google.android.gms:play-services-maps:18.0.2] AndroidManifest.xml:40:13-50
126            android:required="false" />
126-->[com.google.android.gms:play-services-maps:18.0.2] AndroidManifest.xml:41:13-37
127
128        <activity
128-->[com.google.android.gms:play-services-base:18.0.1] AndroidManifest.xml:20:9-22:45
129            android:name="com.google.android.gms.common.api.GoogleApiActivity"
129-->[com.google.android.gms:play-services-base:18.0.1] AndroidManifest.xml:20:19-85
130            android:exported="false"
130-->[com.google.android.gms:play-services-base:18.0.1] AndroidManifest.xml:22:19-43
131            android:theme="@android:style/Theme.Translucent.NoTitleBar" />
131-->[com.google.android.gms:play-services-base:18.0.1] AndroidManifest.xml:21:19-78
132
133        <meta-data
133-->[com.google.android.gms:play-services-basement:18.0.0] AndroidManifest.xml:21:9-23:69
134            android:name="com.google.android.gms.version"
134-->[com.google.android.gms:play-services-basement:18.0.0] AndroidManifest.xml:22:13-58
135            android:value="@integer/google_play_services_version" />
135-->[com.google.android.gms:play-services-basement:18.0.0] AndroidManifest.xml:23:13-66
136    </application>
137
138</manifest>